<?xml version="1.0" encoding="UTF-8"?>
<!-- Generated by org.testng.reporters.JUnitReportReporter -->
<testsuite hostname="HP-PAVILLION" failures="0" tests="5" name="Tests.Test_Cruise_Functionality" time="14.635" errors="0" timestamp="2021-03-26T22:21:59 IST" skipped="0">
  <testcase classname="Tests.Test_Cruise_Functionality" name="TC_ClickCruise" time="4.924"/>
  <system-out/>
  <testcase classname="Tests.Test_Cruise_Functionality" name="TC_CruiseType" time="2.807"/>
  <system-out/>
  <testcase classname="Tests.Test_Cruise_Functionality" name="TC_SelectCruiseVar" time="2.765"/>
  <system-out/>
  <testcase classname="Tests.Test_Cruise_Functionality" name="TC_ClickSub" time="0.768"/>
  <system-out/>
  <testcase classname="Tests.Test_Cruise_Functionality" name="TC_GetDetails" time="3.371"/>
  <system-out/>
</testsuite> <!-- Tests.Test_Cruise_Functionality -->
