<?xml version="1.0" encoding="UTF-8"?>
<!-- Generated by org.testng.reporters.JUnitReportReporter -->
<testsuite hostname="HP-PAVILLION" failures="0" tests="3" name="Tests.TS_HolidayHomesInvalid" time="23.299" errors="0" timestamp="2021-03-18T17:24:51 IST" skipped="0">
  <testcase classname="Tests.TS_HolidayHomesInvalid" name="TC_Negative1" time="12.315"/>
  <system-out/>
  <testcase classname="Tests.TS_HolidayHomesInvalid" name="TC_Negative2" time="5.803"/>
  <system-out/>
  <testcase classname="Tests.TS_HolidayHomesInvalid" name="TC_Negative3" time="5.181"/>
  <system-out/>
</testsuite> <!-- Tests.TS_HolidayHomesInvalid -->
