<?xml version="1.0" encoding="UTF-8"?>
<!-- Generated by org.testng.reporters.JUnitReportReporter -->
<testsuite hostname="HP-PAVILLION" failures="0" tests="12" name="Tests.Test_HolidayHome_Functionality" time="93.171" errors="0" timestamp="2021-03-26T20:28:52 IST" skipped="0">
  <testcase classname="Tests.Test_HolidayHome_Functionality" name="TC_EnterCity" time="4.359"/>
  <system-out/>
  <testcase classname="Tests.Test_HolidayHome_Functionality" name="TC_VerifyCity" time="4.849"/>
  <system-out/>
  <testcase classname="Tests.Test_HolidayHome_Functionality" name="TC_SelectCity" time="2.197"/>
  <system-out/>
  <testcase classname="Tests.Test_HolidayHome_Functionality" name="TC_ClickHolidayHomes" time="47.350"/>
  <system-out/>
  <testcase classname="Tests.Test_HolidayHome_Functionality" name="TC_InDate" time="2.541"/>
  <system-out/>
  <testcase classname="Tests.Test_HolidayHome_Functionality" name="TC_SelectCheckIn" time="3.069"/>
  <system-out/>
  <testcase classname="Tests.Test_HolidayHome_Functionality" name="TC_SelectCheckOut" time="2.887"/>
  <system-out/>
  <testcase classname="Tests.Test_HolidayHome_Functionality" name="TC_GuestOption" time="10.973"/>
  <system-out/>
  <testcase classname="Tests.Test_HolidayHome_Functionality" name="TC_ClickApply" time="2.823"/>
  <system-out/>
  <testcase classname="Tests.Test_HolidayHome_Functionality" name="TC_TravellerRating" time="7.977"/>
  <system-out/>
  <testcase classname="Tests.Test_HolidayHome_Functionality" name="TC_Elevator" time="2.959"/>
  <system-out/>
  <testcase classname="Tests.Test_HolidayHome_Functionality" name="TC_PrintOutput" time="1.187"/>
  <system-out/>
</testsuite> <!-- Tests.Test_HolidayHome_Functionality -->
