<?xml version="1.0" encoding="UTF-8"?>
<!-- Generated by org.testng.reporters.JUnitReportReporter -->
<testsuite hostname="HP-PAVILLION" failures="0" tests="5" name="Tests.Test_Cruise_Functionality" time="24.954" errors="0" timestamp="2021-03-26T20:28:52 IST" skipped="0">
  <testcase classname="Tests.Test_Cruise_Functionality" name="TC_ClickCruise" time="9.572"/>
  <system-out/>
  <testcase classname="Tests.Test_Cruise_Functionality" name="TC_CruiseType" time="3.701"/>
  <system-out/>
  <testcase classname="Tests.Test_Cruise_Functionality" name="TC_SelectCruiseVar" time="3.585"/>
  <system-out/>
  <testcase classname="Tests.Test_Cruise_Functionality" name="TC_ClickSub" time="0.904"/>
  <system-out/>
  <testcase classname="Tests.Test_Cruise_Functionality" name="TC_GetDetails" time="7.192"/>
  <system-out/>
</testsuite> <!-- Tests.Test_Cruise_Functionality -->
