<?xml version="1.0" encoding="UTF-8"?>
<!-- Generated by org.testng.reporters.JUnitReportReporter -->
<testsuite hostname="HP-PAVILLION" failures="0" tests="3" name="Tests.Test_InvalidHolidayHomes_Functionality" time="30.174" errors="0" timestamp="2021-03-30T19:42:23 IST" skipped="0">
  <testcase classname="Tests.Test_InvalidHolidayHomes_Functionality" name="TC_BlankSearch" time="14.423"/>
  <system-out/>
  <testcase classname="Tests.Test_InvalidHolidayHomes_Functionality" name="TC_InvalidCity" time="6.087"/>
  <system-out/>
  <testcase classname="Tests.Test_InvalidHolidayHomes_Functionality" name="TC_InvalidDate" time="9.664"/>
  <system-out/>
</testsuite> <!-- Tests.Test_InvalidHolidayHomes_Functionality -->
