<?xml version="1.0" encoding="UTF-8"?>
<!-- Generated by org.testng.reporters.JUnitReportReporter -->
<testsuite hostname="HP-PAVILLION" failures="0" tests="5" name="Tests.Test_Cruise_Functionality" time="24.990" errors="0" timestamp="2021-03-26T20:54:57 IST" skipped="0">
  <testcase classname="Tests.Test_Cruise_Functionality" name="TC_ClickCruise" time="8.191"/>
  <system-out/>
  <testcase classname="Tests.Test_Cruise_Functionality" name="TC_CruiseType" time="3.536"/>
  <system-out/>
  <testcase classname="Tests.Test_Cruise_Functionality" name="TC_SelectCruiseVar" time="3.282"/>
  <system-out/>
  <testcase classname="Tests.Test_Cruise_Functionality" name="TC_ClickSub" time="0.753"/>
  <system-out/>
  <testcase classname="Tests.Test_Cruise_Functionality" name="TC_GetDetails" time="9.228"/>
  <system-out/>
</testsuite> <!-- Tests.Test_Cruise_Functionality -->
