<?xml version="1.0" encoding="UTF-8"?>
<!-- Generated by org.testng.reporters.JUnitReportReporter -->
<testsuite hostname="HP-PAVILLION" failures="0" tests="12" name="Tests.Test_HolidayHome_Functionality" time="74.032" errors="0" timestamp="2021-03-24T18:13:15 IST" skipped="0">
  <testcase classname="Tests.Test_HolidayHome_Functionality" name="TC_EnterCity" time="13.144"/>
  <system-out/>
  <testcase classname="Tests.Test_HolidayHome_Functionality" name="TC_VerifyCity" time="0.086"/>
  <system-out/>
  <testcase classname="Tests.Test_HolidayHome_Functionality" name="TC_SelectCity" time="3.420"/>
  <system-out/>
  <testcase classname="Tests.Test_HolidayHome_Functionality" name="TC_ClickHolidayHomes" time="30.311"/>
  <system-out/>
  <testcase classname="Tests.Test_HolidayHome_Functionality" name="TC_InDate" time="2.403"/>
  <system-out/>
  <testcase classname="Tests.Test_HolidayHome_Functionality" name="TC_SelectCheckIn" time="3.695"/>
  <system-out/>
  <testcase classname="Tests.Test_HolidayHome_Functionality" name="TC_SelectCheckOut" time="3.906"/>
  <system-out/>
  <testcase classname="Tests.Test_HolidayHome_Functionality" name="TC_GuestOption" time="0.791"/>
  <system-out/>
  <testcase classname="Tests.Test_HolidayHome_Functionality" name="TC_ClickApply" time="3.035"/>
  <system-out/>
  <testcase classname="Tests.Test_HolidayHome_Functionality" name="TC_TravellerRating" time="7.157"/>
  <system-out/>
  <testcase classname="Tests.Test_HolidayHome_Functionality" name="TC_Elevator" time="3.457"/>
  <system-out/>
  <testcase classname="Tests.Test_HolidayHome_Functionality" name="TC_PrintOutput" time="2.627"/>
  <system-out/>
</testsuite> <!-- Tests.Test_HolidayHome_Functionality -->
