<?xml version="1.0" encoding="UTF-8"?>
<!-- Generated by org.testng.reporters.JUnitReportReporter -->
<testsuite hostname="HP-PAVILLION" failures="0" tests="5" name="Tests.Test_Cruise_Functionality" time="27.268" errors="0" timestamp="2021-03-24T18:13:15 IST" skipped="0">
  <testcase classname="Tests.Test_Cruise_Functionality" name="TC_ClickCruise" time="10.939"/>
  <system-out/>
  <testcase classname="Tests.Test_Cruise_Functionality" name="TC_CruiseType" time="3.755"/>
  <system-out/>
  <testcase classname="Tests.Test_Cruise_Functionality" name="TC_SelectCruiseVar" time="3.681"/>
  <system-out/>
  <testcase classname="Tests.Test_Cruise_Functionality" name="TC_ClickSub" time="0.875"/>
  <system-out/>
  <testcase classname="Tests.Test_Cruise_Functionality" name="TC_GetDetails" time="8.018"/>
  <system-out/>
</testsuite> <!-- Tests.Test_Cruise_Functionality -->
