<?xml version="1.0" encoding="UTF-8"?>
<!-- Generated by org.testng.reporters.JUnitReportReporter -->
<testsuite hostname="HP-PAVILLION" failures="0" tests="12" name="Tests.Test_HolidayHome_Functionality" time="60.627" errors="0" timestamp="2021-03-30T19:42:23 IST" skipped="0">
  <testcase classname="Tests.Test_HolidayHome_Functionality" name="TC_EnterCity" time="4.203"/>
  <system-out/>
  <testcase classname="Tests.Test_HolidayHome_Functionality" name="TC_VerifyCity" time="3.857"/>
  <system-out/>
  <testcase classname="Tests.Test_HolidayHome_Functionality" name="TC_SelectCity" time="2.151"/>
  <system-out/>
  <testcase classname="Tests.Test_HolidayHome_Functionality" name="TC_ClickHolidayHomes" time="11.779"/>
  <system-out/>
  <testcase classname="Tests.Test_HolidayHome_Functionality" name="TC_InDate" time="2.502"/>
  <system-out/>
  <testcase classname="Tests.Test_HolidayHome_Functionality" name="TC_SelectCheckIn" time="5.844"/>
  <system-out/>
  <testcase classname="Tests.Test_HolidayHome_Functionality" name="TC_SelectCheckOut" time="2.352"/>
  <system-out/>
  <testcase classname="Tests.Test_HolidayHome_Functionality" name="TC_GuestOption" time="11.077"/>
  <system-out/>
  <testcase classname="Tests.Test_HolidayHome_Functionality" name="TC_ClickApply" time="3.046"/>
  <system-out/>
  <testcase classname="Tests.Test_HolidayHome_Functionality" name="TC_TravellerRating" time="8.234"/>
  <system-out/>
  <testcase classname="Tests.Test_HolidayHome_Functionality" name="TC_Elevator" time="3.248"/>
  <system-out/>
  <testcase classname="Tests.Test_HolidayHome_Functionality" name="TC_PrintOutput" time="2.334"/>
  <system-out/>
</testsuite> <!-- Tests.Test_HolidayHome_Functionality -->
