<?xml version="1.0" encoding="UTF-8"?>
<!-- Generated by org.testng.reporters.JUnitReportReporter -->
<testsuite hostname="HP-PAVILLION" failures="0" tests="3" name="Tests.Test_InvalidHolidayHomes_Functionality" time="24.632" errors="0" timestamp="2021-03-24T18:14:23 IST" skipped="0">
  <testcase classname="Tests.Test_InvalidHolidayHomes_Functionality" name="TC_Negative1" time="13.354"/>
  <system-out/>
  <testcase classname="Tests.Test_InvalidHolidayHomes_Functionality" name="TC_Negative2" time="5.348"/>
  <system-out/>
  <testcase classname="Tests.Test_InvalidHolidayHomes_Functionality" name="TC_Negative3" time="5.930"/>
  <system-out/>
</testsuite> <!-- Tests.Test_InvalidHolidayHomes_Functionality -->
