<?xml version="1.0" encoding="UTF-8"?>
<!-- Generated by org.testng.reporters.JUnitReportReporter -->
<testsuite hostname="HP-PAVILLION" failures="0" tests="12" name="Tests.Test_HolidayHome_Functionality" time="54.070" errors="0" timestamp="2021-03-26T22:21:59 IST" skipped="0">
  <testcase classname="Tests.Test_HolidayHome_Functionality" name="TC_EnterCity" time="2.803"/>
  <system-out/>
  <testcase classname="Tests.Test_HolidayHome_Functionality" name="TC_VerifyCity" time="3.569"/>
  <system-out/>
  <testcase classname="Tests.Test_HolidayHome_Functionality" name="TC_SelectCity" time="1.594"/>
  <system-out/>
  <testcase classname="Tests.Test_HolidayHome_Functionality" name="TC_ClickHolidayHomes" time="15.726"/>
  <system-out/>
  <testcase classname="Tests.Test_HolidayHome_Functionality" name="TC_InDate" time="2.298"/>
  <system-out/>
  <testcase classname="Tests.Test_HolidayHome_Functionality" name="TC_SelectCheckIn" time="1.843"/>
  <system-out/>
  <testcase classname="Tests.Test_HolidayHome_Functionality" name="TC_SelectCheckOut" time="1.634"/>
  <system-out/>
  <testcase classname="Tests.Test_HolidayHome_Functionality" name="TC_GuestOption" time="10.750"/>
  <system-out/>
  <testcase classname="Tests.Test_HolidayHome_Functionality" name="TC_ClickApply" time="2.448"/>
  <system-out/>
  <testcase classname="Tests.Test_HolidayHome_Functionality" name="TC_TravellerRating" time="7.725"/>
  <system-out/>
  <testcase classname="Tests.Test_HolidayHome_Functionality" name="TC_Elevator" time="2.655"/>
  <system-out/>
  <testcase classname="Tests.Test_HolidayHome_Functionality" name="TC_PrintOutput" time="1.025"/>
  <system-out/>
</testsuite> <!-- Tests.Test_HolidayHome_Functionality -->
