<?xml version="1.0" encoding="UTF-8"?>
<!-- Generated by org.testng.reporters.JUnitReportReporter -->
<testsuite hostname="HP-PAVILLION" failures="0" tests="12" name="Tests.TS_HolidayHome" time="56.922" errors="0" timestamp="2021-03-18T17:24:51 IST" skipped="0">
  <testcase classname="Tests.TS_HolidayHome" name="TC_EnterCity" time="11.590"/>
  <system-out/>
  <testcase classname="Tests.TS_HolidayHome" name="TC_VerifyCity" time="0.036"/>
  <system-out/>
  <testcase classname="Tests.TS_HolidayHome" name="TC_SelectCity" time="8.680"/>
  <system-out/>
  <testcase classname="Tests.TS_HolidayHome" name="TC_ClickHolidayHomes" time="19.905"/>
  <system-out/>
  <testcase classname="Tests.TS_HolidayHome" name="TC_InDate" time="2.122"/>
  <system-out/>
  <testcase classname="Tests.TS_HolidayHome" name="TC_SelectCheckIn" time="1.872"/>
  <system-out/>
  <testcase classname="Tests.TS_HolidayHome" name="TC_SelectCheckOut" time="1.807"/>
  <system-out/>
  <testcase classname="Tests.TS_HolidayHome" name="TC_GuestOption" time="0.276"/>
  <system-out/>
  <testcase classname="Tests.TS_HolidayHome" name="TC_ClickApply" time="2.522"/>
  <system-out/>
  <testcase classname="Tests.TS_HolidayHome" name="TC_TravellerRating" time="5.506"/>
  <system-out/>
  <testcase classname="Tests.TS_HolidayHome" name="TC_Elevator" time="1.807"/>
  <system-out/>
  <testcase classname="Tests.TS_HolidayHome" name="TC_PrintOutput" time="0.799"/>
  <system-out/>
</testsuite> <!-- Tests.TS_HolidayHome -->
