<?xml version="1.0" encoding="UTF-8"?>
<!-- Generated by org.testng.reporters.JUnitReportReporter -->
<testsuite hostname="HP-PAVILLION" failures="0" tests="3" name="Tests.Test_InvalidHolidayHomes_Functionality" time="29.608" errors="0" timestamp="2021-03-26T21:13:43 IST" skipped="0">
  <testcase classname="Tests.Test_InvalidHolidayHomes_Functionality" name="TC_Negative1" time="12.960"/>
  <system-out/>
  <testcase classname="Tests.Test_InvalidHolidayHomes_Functionality" name="TC_Negative2" time="8.336"/>
  <system-out/>
  <testcase classname="Tests.Test_InvalidHolidayHomes_Functionality" name="TC_Negative3" time="8.312"/>
  <system-out/>
</testsuite> <!-- Tests.Test_InvalidHolidayHomes_Functionality -->
