<?xml version="1.0" encoding="UTF-8"?>
<!-- Generated by org.testng.reporters.JUnitReportReporter -->
<testsuite hostname="HP-PAVILLION" failures="0" tests="5" name="Tests.TS_Cruise" time="17.181" errors="0" timestamp="2021-03-18T17:24:51 IST" skipped="0">
  <testcase classname="Tests.TS_Cruise" name="TC_ClickCruise" time="6.948"/>
  <system-out/>
  <testcase classname="Tests.TS_Cruise" name="TC_CruiseType" time="2.861"/>
  <system-out/>
  <testcase classname="Tests.TS_Cruise" name="TC_SelectCruiseVar" time="2.757"/>
  <system-out/>
  <testcase classname="Tests.TS_Cruise" name="TC_ClickSub" time="0.605"/>
  <system-out/>
  <testcase classname="Tests.TS_Cruise" name="TC_GetDetails" time="4.010"/>
  <system-out/>
</testsuite> <!-- Tests.TS_Cruise -->
