<?xml version="1.0" encoding="UTF-8"?>
<!-- Generated by org.testng.reporters.JUnitReportReporter -->
<testsuite hostname="HP-PAVILLION" failures="0" tests="5" name="Tests.Test_Cruise_Functionality" time="21.946" errors="0" timestamp="2021-03-30T19:42:23 IST" skipped="0">
  <testcase classname="Tests.Test_Cruise_Functionality" name="TC_ClickCruise" time="8.138"/>
  <system-out/>
  <testcase classname="Tests.Test_Cruise_Functionality" name="TC_CruiseType" time="3.296"/>
  <system-out/>
  <testcase classname="Tests.Test_Cruise_Functionality" name="TC_SelectCruiseVar" time="3.312"/>
  <system-out/>
  <testcase classname="Tests.Test_Cruise_Functionality" name="TC_ClickSub" time="0.888"/>
  <system-out/>
  <testcase classname="Tests.Test_Cruise_Functionality" name="TC_GetDetails" time="6.312"/>
  <system-out/>
</testsuite> <!-- Tests.Test_Cruise_Functionality -->
