<?xml version="1.0" encoding="UTF-8"?>
<!-- Generated by org.testng.reporters.JUnitReportReporter -->
<testsuite hostname="HP-PAVILLION" failures="0" tests="12" name="Tests.Test_HolidayHome_Functionality" time="66.487" errors="0" timestamp="2021-03-26T20:54:57 IST" skipped="0">
  <testcase classname="Tests.Test_HolidayHome_Functionality" name="TC_EnterCity" time="14.320"/>
  <system-out/>
  <testcase classname="Tests.Test_HolidayHome_Functionality" name="TC_VerifyCity" time="0.437"/>
  <system-out/>
  <testcase classname="Tests.Test_HolidayHome_Functionality" name="TC_SelectCity" time="4.505"/>
  <system-out/>
  <testcase classname="Tests.Test_HolidayHome_Functionality" name="TC_ClickHolidayHomes" time="23.157"/>
  <system-out/>
  <testcase classname="Tests.Test_HolidayHome_Functionality" name="TC_InDate" time="2.375"/>
  <system-out/>
  <testcase classname="Tests.Test_HolidayHome_Functionality" name="TC_SelectCheckIn" time="2.399"/>
  <system-out/>
  <testcase classname="Tests.Test_HolidayHome_Functionality" name="TC_SelectCheckOut" time="3.008"/>
  <system-out/>
  <testcase classname="Tests.Test_HolidayHome_Functionality" name="TC_GuestOption" time="0.649"/>
  <system-out/>
  <testcase classname="Tests.Test_HolidayHome_Functionality" name="TC_ClickApply" time="2.790"/>
  <system-out/>
  <testcase classname="Tests.Test_HolidayHome_Functionality" name="TC_TravellerRating" time="8.127"/>
  <system-out/>
  <testcase classname="Tests.Test_HolidayHome_Functionality" name="TC_Elevator" time="3.360"/>
  <system-out/>
  <testcase classname="Tests.Test_HolidayHome_Functionality" name="TC_PrintOutput" time="1.360"/>
  <system-out/>
</testsuite> <!-- Tests.Test_HolidayHome_Functionality -->
